<?xml version="1.0" encoding="UTF-8"?>
<!-- Generated by org.testng.reporters.JUnitReportReporter -->
<testsuite hostname="Uncodemy" failures="0" tests="1" name="vishal.VishalMaven.Buildcheck" time="0.018" errors="0" timestamp="2023-09-17T13:20:50 IST" skipped="0">
  <testcase classname="vishal.VishalMaven.Buildcheck" name="sum" time="0.018"/>
</testsuite> <!-- vishal.VishalMaven.Buildcheck -->
